[01m[K/home/ti5/ws_moveit2/src/demo/src/demo.cpp:7:10:[m[K [01;31m[Kfatal error: [m[Kcontrolcan.h: No such file or directory
    7 | #include [01;31m[K"controlcan.h"[m[K
      |          [01;31m[K^~~~~~~~~~~~~~[m[K
compilation terminated.
gmake[2]: *** [CMakeFiles/demo.dir/build.make:76: CMakeFiles/demo.dir/src/demo.cpp.o] Error 1
gmake[1]: *** [CMakeFiles/Makefile2:137: CMakeFiles/demo.dir/all] Error 2
gmake: *** [Makefile:146: all] Error 2
