[0.186s] Invoking command in '/home/ti5/ws_moveit2/build/demo': CMAKE_PREFIX_PATH=${CMAKE_PREFIX_PATH}:/home/ti5/ws_moveit2/install/moveit_configs_utils:/home/ti5/ws_moveit2/install/launch_param_builder:/opt/ros/humble /usr/bin/cmake --build /home/ti5/ws_moveit2/build/demo -- -j4 -l4
[0.411s] -- Found ament_cmake: 1.3.8 (/opt/ros/humble/share/ament_cmake/cmake)
[1.523s] -- Found rclcpp: 16.0.8 (/opt/ros/humble/share/rclcpp/cmake)
[1.955s] -- Found rosidl_generator_c: 3.1.5 (/opt/ros/humble/share/rosidl_generator_c/cmake)
[2.009s] -- Found rosidl_adapter: 3.1.5 (/opt/ros/humble/share/rosidl_adapter/cmake)
[2.115s] -- Found rosidl_generator_cpp: 3.1.5 (/opt/ros/humble/share/rosidl_generator_cpp/cmake)
[2.315s] -- Using all available rosidl_typesupport_c: rosidl_typesupport_fastrtps_c;rosidl_typesupport_introspection_c
[2.531s] -- Using all available rosidl_typesupport_cpp: rosidl_typesupport_fastrtps_cpp;rosidl_typesupport_introspection_cpp
[3.160s] -- Found rmw_implementation_cmake: 6.1.1 (/opt/ros/humble/share/rmw_implementation_cmake/cmake)
[3.204s] -- Found rmw_fastrtps_cpp: 6.2.6 (/opt/ros/humble/share/rmw_fastrtps_cpp/cmake)
[4.557s] -- Using RMW implementation 'rmw_fastrtps_cpp' as default
[6.330s] -- Found moveit_msgs: 2.2.1 (/opt/ros/humble/share/moveit_msgs/cmake)
[12.195s] -- Found ament_lint_auto: 0.12.10 (/opt/ros/humble/share/ament_lint_auto/cmake)
[12.663s] -- Added test 'cppcheck' to perform static code analysis on C / C++ code
[12.663s] -- Configured cppcheck include dirs: 
[12.664s] -- Configured cppcheck exclude dirs and/or files: 
[12.670s] -- Added test 'lint_cmake' to check CMake code style
[12.677s] -- Added test 'uncrustify' to check C / C++ code style
[12.677s] -- Configured uncrustify additional arguments: 
[12.678s] -- Added test 'xmllint' to check XML markup files
[12.751s] -- Configuring done
[12.822s] -- Generating done
[12.827s] -- Build files have been written to: /home/ti5/ws_moveit2/build/demo
[13.054s] [35m[1mConsolidate compiler generated dependencies of target demo[0m
[13.194s] [ 50%] [32mBuilding CXX object CMakeFiles/demo.dir/src/demo.cpp.o[0m
[16.341s] [01m[K/home/ti5/ws_moveit2/src/demo/src/demo.cpp:7:10:[m[K [01;31m[Kfatal error: [m[Kcontrolcan.h: No such file or directory
[16.341s]     7 | #include [01;31m[K"controlcan.h"[m[K
[16.342s]       |          [01;31m[K^~~~~~~~~~~~~~[m[K
[16.342s] compilation terminated.
[16.352s] gmake[2]: *** [CMakeFiles/demo.dir/build.make:76: CMakeFiles/demo.dir/src/demo.cpp.o] Error 1
[16.354s] gmake[1]: *** [CMakeFiles/Makefile2:137: CMakeFiles/demo.dir/all] Error 2
[16.355s] gmake: *** [Makefile:146: all] Error 2
[16.362s] Invoked command in '/home/ti5/ws_moveit2/build/demo' returned '2': CMAKE_PREFIX_PATH=${CMAKE_PREFIX_PATH}:/home/ti5/ws_moveit2/install/moveit_configs_utils:/home/ti5/ws_moveit2/install/launch_param_builder:/opt/ros/humble /usr/bin/cmake --build /home/ti5/ws_moveit2/build/demo -- -j4 -l4
