[0.193s] Invoking command in '/home/ti5/ws_moveit2/build/demo': CMAKE_PREFIX_PATH=${CMAKE_PREFIX_PATH}:/home/ti5/ws_moveit2/install/moveit_configs_utils:/home/ti5/ws_moveit2/install/launch_param_builder:/opt/ros/humble /usr/bin/cmake /home/ti5/ws_moveit2/src/demo -DCMAKE_INSTALL_PREFIX=/home/ti5/ws_moveit2/install/demo
[0.351s] -- Found ament_cmake: 1.3.8 (/opt/ros/humble/share/ament_cmake/cmake)
[1.319s] -- Found rclcpp: 16.0.8 (/opt/ros/humble/share/rclcpp/cmake)
[1.523s] -- Found rosidl_generator_c: 3.1.5 (/opt/ros/humble/share/rosidl_generator_c/cmake)
[1.541s] -- Found rosidl_adapter: 3.1.5 (/opt/ros/humble/share/rosidl_adapter/cmake)
[1.592s] -- Found rosidl_generator_cpp: 3.1.5 (/opt/ros/humble/share/rosidl_generator_cpp/cmake)
[1.676s] -- Using all available rosidl_typesupport_c: rosidl_typesupport_fastrtps_c;rosidl_typesupport_introspection_c
[1.882s] -- Using all available rosidl_typesupport_cpp: rosidl_typesupport_fastrtps_cpp;rosidl_typesupport_introspection_cpp
[2.807s] -- Found rmw_implementation_cmake: 6.1.1 (/opt/ros/humble/share/rmw_implementation_cmake/cmake)
[2.921s] -- Found rmw_fastrtps_cpp: 6.2.6 (/opt/ros/humble/share/rmw_fastrtps_cpp/cmake)
[4.330s] -- Using RMW implementation 'rmw_fastrtps_cpp' as default
[6.792s] -- Found moveit_msgs: 2.2.1 (/opt/ros/humble/share/moveit_msgs/cmake)
[11.873s] -- Found ament_lint_auto: 0.12.10 (/opt/ros/humble/share/ament_lint_auto/cmake)
[12.350s] -- Added test 'cppcheck' to perform static code analysis on C / C++ code
[12.350s] -- Configured cppcheck include dirs: 
[12.351s] -- Configured cppcheck exclude dirs and/or files: 
[12.353s] -- Added test 'lint_cmake' to check CMake code style
[12.359s] -- Added test 'uncrustify' to check C / C++ code style
[12.359s] -- Configured uncrustify additional arguments: 
[12.361s] -- Added test 'xmllint' to check XML markup files
[12.407s] -- Configuring done
[12.485s] -- Generating done
[12.496s] -- Build files have been written to: /home/ti5/ws_moveit2/build/demo
[12.693s] Invoked command in '/home/ti5/ws_moveit2/build/demo' returned '0': CMAKE_PREFIX_PATH=${CMAKE_PREFIX_PATH}:/home/ti5/ws_moveit2/install/moveit_configs_utils:/home/ti5/ws_moveit2/install/launch_param_builder:/opt/ros/humble /usr/bin/cmake /home/ti5/ws_moveit2/src/demo -DCMAKE_INSTALL_PREFIX=/home/ti5/ws_moveit2/install/demo
[12.697s] Invoking command in '/home/ti5/ws_moveit2/build/demo': CMAKE_PREFIX_PATH=${CMAKE_PREFIX_PATH}:/home/ti5/ws_moveit2/install/moveit_configs_utils:/home/ti5/ws_moveit2/install/launch_param_builder:/opt/ros/humble /usr/bin/cmake --build /home/ti5/ws_moveit2/build/demo -- -j4 -l4
[13.469s] [ 50%] [32mBuilding CXX object CMakeFiles/demo.dir/src/demo.cpp.o[0m
[13.581s] [01m[K/home/ti5/ws_moveit2/src/demo/src/demo.cpp:1:10:[m[K [01;31m[Kfatal error: [m[Kros/ros.h: No such file or directory
[13.582s]     1 | #include [01;31m[K<ros/ros.h>[m[K
[13.582s]       |          [01;31m[K^~~~~~~~~~~[m[K
[13.583s] compilation terminated.
[13.584s] gmake[2]: *** [CMakeFiles/demo.dir/build.make:76: CMakeFiles/demo.dir/src/demo.cpp.o] Error 1
[13.586s] gmake[1]: *** [CMakeFiles/Makefile2:137: CMakeFiles/demo.dir/all] Error 2
[13.588s] gmake: *** [Makefile:146: all] Error 2
[13.603s] Invoked command in '/home/ti5/ws_moveit2/build/demo' returned '2': CMAKE_PREFIX_PATH=${CMAKE_PREFIX_PATH}:/home/ti5/ws_moveit2/install/moveit_configs_utils:/home/ti5/ws_moveit2/install/launch_param_builder:/opt/ros/humble /usr/bin/cmake --build /home/ti5/ws_moveit2/build/demo -- -j4 -l4
