/usr/bin/ld: gtest/libgtest.a: error adding symbols: archive has no index; run ranlib to add one
collect2: error: ld returned 1 exit status
gmake[2]: *** [CMakeFiles/test_servo_integration.dir/build.make:372: test_servo_integration] Error 1
gmake[1]: *** [CMakeFiles/Makefile2:393: CMakeFiles/test_servo_integration.dir/all] Error 2
gmake[1]: *** Waiting for unfinished jobs....
