[0.071s] Invoking command in '/home/ti5/ws_moveit2/build/demo': CMAKE_PREFIX_PATH=/opt/ros/humble /usr/bin/cmake --build /home/ti5/ws_moveit2/build/demo -- -j4 -l4
[0.529s] [ 50%] [32mBuilding CXX object CMakeFiles/demo.dir/src/demo.cpp.o[0m
[0.604s] [01m[K/home/ti5/ws_moveit2/src/demo/src/demo.cpp:1:10:[m[K [01;31m[Kfatal error: [m[Krclcpp/rclcpp.hpp: No such file or directory
[0.605s]     1 | #include [01;31m[K<rclcpp/rclcpp.hpp>[m[K
[0.606s]       |          [01;31m[K^~~~~~~~~~~~~~~~~~~[m[K
[0.606s] compilation terminated.
[0.609s] gmake[2]: *** [CMakeFiles/demo.dir/build.make:76: CMakeFiles/demo.dir/src/demo.cpp.o] Error 1
[0.620s] gmake[1]: *** [CMakeFiles/Makefile2:137: CMakeFiles/demo.dir/all] Error 2
[0.621s] gmake: *** [Makefile:146: all] Error 2
[0.637s] Invoked command in '/home/ti5/ws_moveit2/build/demo' returned '2': CMAKE_PREFIX_PATH=/opt/ros/humble /usr/bin/cmake --build /home/ti5/ws_moveit2/build/demo -- -j4 -l4
