[  9%] Built target moveit_servo_lib_parameters
[ 15%] Built target gtest_main
[ 21%] Built target gtest
[ 24%] [32mBuilding CXX object CMakeFiles/moveit_servo_lib.dir/src/collision_check.cpp.o[0m
[ 27%] [32mBuilding CXX object CMakeFiles/moveit_servo_lib.dir/src/enforce_limits.cpp.o[0m
[ 30%] [32mBuilding CXX object CMakeFiles/moveit_servo_lib.dir/src/servo.cpp.o[0m
[ 33%] [32mBuilding CXX object CMakeFiles/moveit_servo_lib.dir/src/servo_calcs.cpp.o[0m
[ 36%] [32mBuilding CXX object CMakeFiles/moveit_servo_lib.dir/src/utilities.cpp.o[0m
[ 39%] [32m[1mLinking CXX shared library libmoveit_servo_lib.so[0m
[ 39%] Built target moveit_servo_lib
[ 42%] [32mBuilding CXX object CMakeFiles/test_servo_integration.dir/test/test_servo_interface.cpp.o[0m
[ 45%] [32m[1mLinking CXX executable test_servo_integration[0m
/usr/bin/ld: gtest/libgtest.a: error adding symbols: archive has no index; run ranlib to add one
collect2: error: ld returned 1 exit status
gmake[2]: *** [CMakeFiles/test_servo_integration.dir/build.make:372: test_servo_integration] Error 1
gmake[1]: *** [CMakeFiles/Makefile2:393: CMakeFiles/test_servo_integration.dir/all] Error 2
gmake: *** [Makefile:146: all] Error 2
